<?xml version="1.0" encoding="UTF-8"?>
<testsuite name="com.example.formeditor.model.GuiElementModelTest" tests="1" skipped="0" failures="0" errors="0" timestamp="2025-10-12T17:03:51.698Z" hostname="pc" time="0.023">
  <properties/>
  <testcase name="setLayoutBoundsUpdatesProperties()" classname="com.example.formeditor.model.GuiElementModelTest" time="0.023"/>
  <system-out><![CDATA[]]></system-out>
  <system-err><![CDATA[]]></system-err>
</testsuite>
