<?xml version="1.0" encoding="UTF-8"?>
<testsuite name="com.example.formeditor.serialization.FormPersistenceTest" tests="1" skipped="0" failures="0" errors="0" timestamp="2025-10-12T17:03:52.039Z" hostname="pc" time="0.144">
  <properties/>
  <testcase name="roundTripPreservesModel()" classname="com.example.formeditor.serialization.FormPersistenceTest" time="0.144"/>
  <system-out><![CDATA[]]></system-out>
  <system-err><![CDATA[]]></system-err>
</testsuite>
